# JRE version: OpenJDK Runtime Environment (11.0.10) (build 11.0.10+0-b96-7249189)
# Java VM: OpenJDK 64-Bit Server VM (11.0.10+0-b96-7249189, mixed mode, tiered, compressed oops, g1 gc, windows-amd64)
Heap:
 garbage-first heap   total 509952K, used 143711K [0x0000000080000000, 0x0000000100000000)
  region size 1024K, 2 young (2048K), 2 survivors (2048K)
 Metaspace       used 116034K, capacity 118884K, committed 119168K, reserved 1153024K
  class space    used 14479K, capacity 15572K, committed 15744K, reserved 1048576K
GC Heap History (20 events):
Event: 118.186 GC heap after
{Heap after GC invocations=139 (full 0):
 garbage-first heap   total 350208K, used 158254K [0x0000000080000000, 0x0000000100000000)
  region size 1024K, 2 young (2048K), 2 survivors (2048K)
 Metaspace       used 115563K, capacity 118436K, committed 118912K, reserved 1153024K
  class space    used 14472K, capacity 15560K, committed 15744K, reserved 1048576K
}
Event: 118.601 GC heap before
{Heap before GC invocations=139 (full 0):
 garbage-first heap   total 350208K, used 305710K [0x0000000080000000, 0x0000000100000000)
  region size 1024K, 146 young (149504K), 2 survivors (2048K)
 Metaspace       used 115602K, capacity 118439K, committed 118912K, reserved 1153024K
  class space    used 14472K, capacity 15560K, committed 15744K, reserved 1048576K
}
Event: 118.608 GC heap after
{Heap after GC invocations=140 (full 0):
 garbage-first heap   total 350208K, used 158470K [0x0000000080000000, 0x0000000100000000)
  region size 1024K, 3 young (3072K), 3 survivors (3072K)
 Metaspace       used 115602K, capacity 118439K, committed 118912K, reserved 1153024K
  class space    used 14472K, capacity 15560K, committed 15744K, reserved 1048576K
}
Event: 119.106 GC heap before
{Heap before GC invocations=140 (full 0):
 garbage-first heap   total 350208K, used 305926K [0x0000000080000000, 0x0000000100000000)
  region size 1024K, 147 young (150528K), 3 survivors (3072K)
 Metaspace       used 115604K, capacity 118439K, committed 118912K, reserved 1153024K
  class space    used 14472K, capacity 15560K, committed 15744K, reserved 1048576K
}
Event: 119.114 GC heap after
{Heap after GC invocations=141 (full 0):
 garbage-first heap   total 350208K, used 159278K [0x0000000080000000, 0x0000000100000000)
  region size 1024K, 3 young (3072K), 3 survivors (3072K)
 Metaspace       used 115604K, capacity 118439K, committed 118912K, reserved 1153024K
  class space    used 14472K, capacity 15560K, committed 15744K, reserved 1048576K
}
Event: 119.569 GC heap before
{Heap before GC invocations=141 (full 0):
 garbage-first heap   total 350208K, used 307758K [0x0000000080000000, 0x0000000100000000)
  region size 1024K, 148 young (151552K), 3 survivors (3072K)
 Metaspace       used 115622K, capacity 118503K, committed 118912K, reserved 1153024K
  class space    used 14472K, capacity 15560K, committed 15744K, reserved 1048576K
}
Event: 119.578 GC heap after
{Heap after GC invocations=142 (full 0):
 garbage-first heap   total 350208K, used 159684K [0x0000000080000000, 0x0000000100000000)
  region size 1024K, 4 young (4096K), 4 survivors (4096K)
 Metaspace       used 115622K, capacity 118503K, committed 118912K, reserved 1153024K
  class space    used 14472K, capacity 15560K, committed 15744K, reserved 1048576K
}
Event: 120.425 GC heap before
{Heap before GC invocations=143 (full 0):
 garbage-first heap   total 350208K, used 308164K [0x0000000080000000, 0x0000000100000000)
  region size 1024K, 148 young (151552K), 4 survivors (4096K)
 Metaspace       used 115927K, capacity 118788K, committed 119168K, reserved 1153024K
  class space    used 14476K, capacity 15567K, committed 15744K, reserved 1048576K
}
Event: 120.438 GC heap after
{Heap after GC invocations=144 (full 0):
 garbage-first heap   total 350208K, used 160058K [0x0000000080000000, 0x0000000100000000)
  region size 1024K, 4 young (4096K), 4 survivors (4096K)
 Metaspace       used 115927K, capacity 118788K, committed 119168K, reserved 1153024K
  class space    used 14476K, capacity 15567K, committed 15744K, reserved 1048576K
}
Event: 120.487 GC heap before
{Heap before GC invocations=144 (full 0):
 garbage-first heap   total 350208K, used 173370K [0x0000000080000000, 0x0000000100000000)
  region size 1024K, 17 young (17408K), 4 survivors (4096K)
 Metaspace       used 115927K, capacity 118788K, committed 119168K, reserved 1153024K
  class space    used 14476K, capacity 15567K, committed 15744K, reserved 1048576K
}
Event: 120.515 GC heap after
{Heap after GC invocations=145 (full 0):
 garbage-first heap   total 350208K, used 151471K [0x0000000080000000, 0x0000000100000000)
  region size 1024K, 2 young (2048K), 2 survivors (2048K)
 Metaspace       used 115927K, capacity 118788K, committed 119168K, reserved 1153024K
  class space    used 14476K, capacity 15567K, committed 15744K, reserved 1048576K
}
Event: 121.019 GC heap before
{Heap before GC invocations=145 (full 0):
 garbage-first heap   total 350208K, used 303023K [0x0000000080000000, 0x0000000100000000)
  region size 1024K, 151 young (154624K), 2 survivors (2048K)
 Metaspace       used 115930K, capacity 118788K, committed 119168K, reserved 1153024K
  class space    used 14476K, capacity 15567K, committed 15744K, reserved 1048576K
}
Event: 121.029 GC heap after
{Heap after GC invocations=146 (full 0):
 garbage-first heap   total 350208K, used 152772K [0x0000000080000000, 0x0000000100000000)
  region size 1024K, 3 young (3072K), 3 survivors (3072K)
 Metaspace       used 115930K, capacity 118788K, committed 119168K, reserved 1153024K
  class space    used 14476K, capacity 15567K, committed 15744K, reserved 1048576K
}
Event: 121.642 GC heap before
{Heap before GC invocations=146 (full 0):
 garbage-first heap   total 350208K, used 306372K [0x0000000080000000, 0x0000000100000000)
  region size 1024K, 153 young (156672K), 3 survivors (3072K)
 Metaspace       used 115987K, capacity 118867K, committed 119168K, reserved 1153024K
  class space    used 14477K, capacity 15568K, committed 15744K, reserved 1048576K
}
Event: 121.690 GC heap after
{Heap after GC invocations=147 (full 0):
 garbage-first heap   total 350208K, used 160339K [0x0000000080000000, 0x0000000100000000)
  region size 1024K, 10 young (10240K), 10 survivors (10240K)
 Metaspace       used 115987K, capacity 118867K, committed 119168K, reserved 1153024K
  class space    used 14477K, capacity 15568K, committed 15744K, reserved 1048576K
}
Event: 122.239 GC heap before
{Heap before GC invocations=147 (full 0):
 garbage-first heap   total 350208K, used 302675K [0x0000000080000000, 0x0000000100000000)
  region size 1024K, 148 young (151552K), 10 survivors (10240K)
 Metaspace       used 116000K, capacity 118869K, committed 119168K, reserved 1153024K
  class space    used 14477K, capacity 15568K, committed 15744K, reserved 1048576K
}
Event: 122.266 GC heap after
{Heap after GC invocations=148 (full 0):
 garbage-first heap   total 350208K, used 157626K [0x0000000080000000, 0x0000000100000000)
  region size 1024K, 7 young (7168K), 7 survivors (7168K)
 Metaspace       used 116000K, capacity 118869K, committed 119168K, reserved 1153024K
  class space    used 14477K, capacity 15568K, committed 15744K, reserved 1048576K
}
Event: 122.999 GC heap before
{Heap before GC invocations=149 (full 0):
 garbage-first heap   total 350208K, used 299962K [0x0000000080000000, 0x0000000100000000)
  region size 1024K, 146 young (149504K), 7 survivors (7168K)
 Metaspace       used 116032K, capacity 118884K, committed 119168K, reserved 1153024K
  class space    used 14479K, capacity 15572K, committed 15744K, reserved 1048576K
}
Event: 123.016 GC heap after
{Heap after GC invocations=150 (full 0):
 garbage-first heap   total 350208K, used 159001K [0x0000000080000000, 0x0000000100000000)
  region size 1024K, 8 young (8192K), 8 survivors (8192K)
 Metaspace       used 116032K, capacity 118884K, committed 119168K, reserved 1153024K
  class space    used 14479K, capacity 15572K, committed 15744K, reserved 1048576K
}
Event: 123.057 GC heap before
{Heap before GC invocations=150 (full 0):
 garbage-first heap   total 350208K, used 168217K [0x0000000080000000, 0x0000000100000000)
  region size 1024K, 17 young (17408K), 8 survivors (8192K)
 Metaspace       used 116034K, capacity 118884K, committed 119168K, reserved 1153024K
  class space    used 14479K, capacity 15572K, committed 15744K, reserved 1048576K
}

